<?xml version="1.0" encoding="UTF-8"?>
<!-- Generated by org.testng.reporters.JUnitReportReporter -->
<testsuite hostname="Computer-PC" name="test.TestRegister" tests="2" failures="0" timestamp="25 Jun 2016 16:03:25 GMT" time="122.244" errors="0">
  <testcase name="Signup" time="65.844" classname="test.TestRegister"/>
  <testcase name="Signup" time="56.400" classname="test.TestRegister"/>
</testsuite> <!-- test.TestRegister -->
