<?xml version="1.0" encoding="UTF-8"?>
<!-- Generated by org.testng.reporters.JUnitReportReporter -->
<testsuite hostname="Computer-PC" name="test.TestBuying" tests="1" failures="0" timestamp="19 Jul 2016 07:21:41 GMT" time="103.938" errors="0">
  <testcase name="Testbuying1" time="103.938" classname="test.TestBuying"/>
</testsuite> <!-- test.TestBuying -->
